<?xml version="1.0" encoding="UTF-8"?>
<!-- Generated by org.testng.reporters.JUnitReportReporter -->
<testsuite hostname="LAPTOP-Q8QV3VQ8" failures="0" tests="1" name="EndtoEndFramework.Framework.theme" time="12.795" errors="0" timestamp="2022-05-27T23:28:07 IST" skipped="0">
  <testcase classname="EndtoEndFramework.Framework.theme" name="themeSection" time="12.795"/>
  <system-out/>
</testsuite> <!-- EndtoEndFramework.Framework.theme -->
