<?xml version="1.0" encoding="UTF-8"?>
<!-- Generated by org.testng.reporters.JUnitReportReporter -->
<testsuite hostname="LAPTOP-Q8QV3VQ8" failures="0" tests="1" name="reportScheduling.reportSchedulingEvent" time="188.863" errors="0" timestamp="2022-05-27T23:28:07 IST" skipped="0">
  <testcase classname="reportScheduling.reportSchedulingEvent" name="eventscheduling" time="188.863"/>
  <system-out/>
</testsuite> <!-- reportScheduling.reportSchedulingEvent -->
